<?xml version="1.0" encoding="UTF-8"?>
<!-- Generated by org.testng.reporters.JUnitXMLReporter -->
<testsuite ignored="0" hostname="LAPTOP-59UEUOL2" failures="1" tests="3" name="Pixel3" time="72.82" errors="0" timestamp="2022-02-19T09:24:37 EST">
  <testcase classname="com.qa.runners.RunnerBase" name="scenario" time="15.934"/>
  <testcase classname="com.qa.runners.RunnerBase" name="scenario" time="12.553"/>
  <testcase classname="com.qa.runners.RunnerBase" name="scenario" time="10.308">
    <failure type="java.lang.NullPointerException" message="Cannot invoke &amp;quot;org.openqa.selenium.WebElement.isDisplayed()&amp;quot; because &amp;quot;element&amp;quot; is null">
      <![CDATA[java.lang.NullPointerException: Cannot invoke "org.openqa.selenium.WebElement.isDisplayed()" because "element" is null
at org.openqa.selenium.support.ui.ExpectedConditions.elementIfVisible(ExpectedConditions.java:314)
at org.openqa.selenium.support.ui.ExpectedConditions.access$000(ExpectedConditions.java:43)
at org.openqa.selenium.support.ui.ExpectedConditions$10.apply(ExpectedConditions.java:300)
at org.openqa.selenium.support.ui.ExpectedConditions$10.apply(ExpectedConditions.java:297)
at org.openqa.selenium.support.ui.FluentWait.until(FluentWait.java:249)
at com.qa.pages.BasePage.waitForVisibility(BasePage.java:34)
at com.qa.pages.BasePage.getAttribute(BasePage.java:78)
at com.qa.pages.BasePage.getText(BasePage.java:91)
at com.qa.pages.ProductsPage.getTitle(ProductsPage.java:21)
at com.qa.stepdef.LoginStepDef.iShouldSeeProductsPageWithTitle(LoginStepDef.java:33)
at ✽.I should see Products page with title "PRODUCTS"(file:///C:/Users/mizrh/eclipse-workspace/AppiumCucumberFramework/src/test/resources/Login.feature:26)
]]>
    </failure>
  </testcase> <!-- scenario -->
</testsuite> <!-- Pixel3 -->
